<?xml version="1.0" encoding="UTF-8"?>
<testng-results skipped="0" failed="0" ignored="0" total="2" passed="2">
  <reporter-output>
  </reporter-output>
  <suite name="Default suite" duration-ms="51735" started-at="2020-05-27T16:47:38Z" finished-at="2020-05-27T16:48:30Z">
    <groups>
    </groups>
    <test name="Default test" duration-ms="51735" started-at="2020-05-27T16:47:38Z" finished-at="2020-05-27T16:48:30Z">
      <class name="scripts.FlipkartScripts">
        <test-method status="PASS" signature="beforeMethod()[pri:0, instance:scripts.FlipkartScripts@fdefd3f]" name="beforeMethod" is-config="true" duration-ms="6830" started-at="2020-05-27T16:47:38Z" finished-at="2020-05-27T16:47:45Z">
          <reporter-output>
          </reporter-output>
        </test-method> <!-- beforeMethod -->
        <test-method status="PASS" signature="closeHomePagePopUp()[pri:0, instance:scripts.FlipkartScripts@fdefd3f]" name="closeHomePagePopUp" duration-ms="30154" started-at="2020-05-27T16:47:45Z" finished-at="2020-05-27T16:48:15Z">
          <reporter-output>
          </reporter-output>
        </test-method> <!-- closeHomePagePopUp -->
        <test-method status="PASS" signature="afterMethod()[pri:0, instance:scripts.FlipkartScripts@fdefd3f]" name="afterMethod" is-config="true" duration-ms="593" started-at="2020-05-27T16:48:15Z" finished-at="2020-05-27T16:48:15Z">
          <reporter-output>
          </reporter-output>
        </test-method> <!-- afterMethod -->
        <test-method status="PASS" signature="beforeMethod()[pri:0, instance:scripts.FlipkartScripts@fdefd3f]" name="beforeMethod" is-config="true" duration-ms="5418" started-at="2020-05-27T16:48:15Z" finished-at="2020-05-27T16:48:21Z">
          <reporter-output>
          </reporter-output>
        </test-method> <!-- beforeMethod -->
        <test-method status="PASS" signature="homePageMenuList()[pri:0, instance:scripts.FlipkartScripts@fdefd3f]" name="homePageMenuList" duration-ms="8102" started-at="2020-05-27T16:48:21Z" finished-at="2020-05-27T16:48:29Z">
          <reporter-output>
          </reporter-output>
        </test-method> <!-- homePageMenuList -->
        <test-method status="PASS" signature="afterMethod()[pri:0, instance:scripts.FlipkartScripts@fdefd3f]" name="afterMethod" is-config="true" duration-ms="594" started-at="2020-05-27T16:48:29Z" finished-at="2020-05-27T16:48:30Z">
          <reporter-output>
          </reporter-output>
        </test-method> <!-- afterMethod -->
      </class> <!-- scripts.FlipkartScripts -->
    </test> <!-- Default test -->
  </suite> <!-- Default suite -->
</testng-results>
